<?xml version="1.0" encoding="UTF-8"?>
<!-- Generated by org.testng.reporters.JUnitReportReporter -->
<testsuite hostname="ians-MBP" failures="0" tests="1" name="BusyQA.ChrisExam.MainTest" time="84.217" errors="0" timestamp="2024-11-01T10:08:14 GMT-04:00" skipped="0">
  <testcase classname="BusyQA.ChrisExam.MainTest" name="f" time="84.217"/>
</testsuite> <!-- BusyQA.ChrisExam.MainTest -->
