<?xml version="1.0" encoding="UTF-8"?>
<!-- Generated by org.testng.reporters.JUnitReportReporter -->
<testsuite hostname="ians-MBP" failures="0" tests="1" name="BusyQA.ChrisExam.MainClass" time="0.009" errors="0" timestamp="2024-10-26T14:01:23 GMT-04:00" skipped="0">
  <testcase classname="BusyQA.ChrisExam.MainClass" name="f" time="0.009"/>
</testsuite> <!-- BusyQA.ChrisExam.MainClass -->
